TN:
SF:jest unit test\functions.js
FN:2,MockTrack
FN:4,(anonymous_1)
FN:6,MockStream
FN:8,(anonymous_3)
FN:12,(anonymous_4)
FN:13,(anonymous_5)
FN:20,startVideo
FN:22,(anonymous_7)
FN:24,(anonymous_8)
FN:28,(anonymous_9)
FN:33,stopVideo
FN:37,(anonymous_11)
FNF:12
FNH:9
FNDA:2,MockTrack
FNDA:0,(anonymous_1)
FNDA:1,MockStream
FNDA:0,(anonymous_3)
FNDA:1,(anonymous_4)
FNDA:1,(anonymous_5)
FNDA:1,startVideo
FNDA:1,(anonymous_7)
FNDA:0,(anonymous_8)
FNDA:1,(anonymous_9)
FNDA:1,stopVideo
FNDA:2,(anonymous_11)
DA:3,2
DA:4,2
DA:7,1
DA:8,1
DA:9,0
DA:12,1
DA:13,1
DA:14,1
DA:15,1
DA:21,1
DA:23,1
DA:24,0
DA:25,0
DA:29,1
DA:34,1
DA:35,1
DA:36,1
DA:37,1
DA:38,2
DA:40,1
DA:41,1
DA:45,1
LF:22
LH:19
BRDA:35,0,0,1
BRDA:35,0,1,0
BRF:2
BRH:1
end_of_record
TN:
SF:jest unit test\helperfunctions-mock.js
FN:4,clean
FN:14,loadingComplete
FNF:2
FNH:2
FNDA:2,clean
FNDA:1,loadingComplete
DA:1,1
DA:2,1
DA:5,2
DA:6,2
DA:7,2
DA:8,2
DA:9,2
DA:10,2
DA:11,2
DA:15,1
DA:16,1
DA:19,1
LF:12
LH:12
BRDA:9,0,0,1
BRDA:9,0,1,1
BRDA:10,1,0,1
BRDA:10,1,1,1
BRF:4
BRH:4
end_of_record
TN:
SF:jest unit test\loadLabeledImages-mock.js
FN:16,loadLabeledImages
FN:19,(anonymous_1)
FNF:2
FNH:2
FNDA:1,loadLabeledImages
FNDA:6,(anonymous_1)
DA:1,1
DA:6,1
DA:17,1
DA:18,1
DA:20,6
DA:21,6
DA:22,24
DA:23,24
DA:24,24
DA:25,0
DA:27,24
DA:29,6
DA:30,6
DA:36,1
LF:14
LH:13
BRDA:24,0,0,0
BRDA:24,0,1,24
BRF:2
BRH:1
end_of_record
TN:
SF:jest unit test\loadmodels-mock.js
FN:1,(anonymous_0)
FN:5,(anonymous_1)
FN:9,(anonymous_2)
FN:13,(anonymous_3)
FN:17,(anonymous_4)
FN:21,(anonymous_5)
FN:26,loadNets
FNF:7
FNH:7
FNDA:1,(anonymous_0)
FNDA:1,(anonymous_1)
FNDA:1,(anonymous_2)
FNDA:1,(anonymous_3)
FNDA:1,(anonymous_4)
FNDA:1,(anonymous_5)
FNDA:1,loadNets
DA:1,1
DA:2,1
DA:5,1
DA:6,1
DA:9,1
DA:10,1
DA:13,1
DA:14,1
DA:17,1
DA:18,1
DA:21,1
DA:22,1
DA:27,1
DA:37,1
LF:14
LH:14
BRF:0
BRH:0
end_of_record
